<?xml version="1.0" encoding="UTF-8"?>
<testng-results ignored="0" total="1" passed="1" failed="0" skipped="0">
  <reporter-output>
  </reporter-output>
  <suite started-at="2023-10-13T20:28:26 MESZ" name="Quick" finished-at="2023-10-13T20:28:40 MESZ" duration-ms="14127">
    <groups>
    </groups>
    <test started-at="2023-10-13T20:28:26 MESZ" name="Quick" finished-at="2023-10-13T20:28:40 MESZ" duration-ms="14127">
      <class name="org.ait.hero.ImagesTest">
        <test-method is-config="true" signature="init()[pri:0, instance:org.ait.hero.ImagesTest@6cf0e0ba]" started-at="2023-10-13T20:28:26 MESZ" name="init" finished-at="2023-10-13T20:28:35 MESZ" duration-ms="8447" status="PASS">
          <reporter-output>
          </reporter-output>
        </test-method> <!-- init -->
        <test-method is-config="true" signature="startLogger(java.lang.reflect.Method)[pri:0, instance:org.ait.hero.ImagesTest@6cf0e0ba]" started-at="2023-10-13T20:28:35 MESZ" name="startLogger" finished-at="2023-10-13T20:28:35 MESZ" duration-ms="4" status="PASS">
          <params>
            <param index="0">
              <value>
                <![CDATA[public void org.ait.hero.ImagesTest.checkBrokenImages()]]>
              </value>
            </param>
          </params>
          <reporter-output>
          </reporter-output>
        </test-method> <!-- startLogger -->
        <test-method is-config="true" signature="precondition()[pri:0, instance:org.ait.hero.ImagesTest@6cf0e0ba]" started-at="2023-10-13T20:28:35 MESZ" name="precondition" finished-at="2023-10-13T20:28:35 MESZ" duration-ms="916" status="PASS">
          <reporter-output>
          </reporter-output>
        </test-method> <!-- precondition -->
        <test-method signature="checkBrokenImages()[pri:0, instance:org.ait.hero.ImagesTest@6cf0e0ba]" started-at="2023-10-13T20:28:35 MESZ" name="checkBrokenImages" finished-at="2023-10-13T20:28:40 MESZ" duration-ms="4146" status="PASS">
          <reporter-output>
          </reporter-output>
        </test-method> <!-- checkBrokenImages -->
        <test-method is-config="true" signature="tearDown()[pri:0, instance:org.ait.hero.ImagesTest@6cf0e0ba]" started-at="2023-10-13T20:28:40 MESZ" name="tearDown" finished-at="2023-10-13T20:28:40 MESZ" duration-ms="507" status="PASS">
          <reporter-output>
          </reporter-output>
        </test-method> <!-- tearDown -->
      </class> <!-- org.ait.hero.ImagesTest -->
    </test> <!-- Quick -->
  </suite> <!-- Quick -->
</testng-results>
